This is pdfTeX, Version 3.14159265-2.6-1.40.16 (TeX Live 2015/Debian) (preloaded format=pdflatex 2017.9.8)  8 JAN 2018 15:08
entering extended mode
 restricted \write18 enabled.
 %&-line parsing enabled.
**lecture1.tex
(./lecture1.tex
LaTeX2e <2016/02/01>
Babel <3.9q> and hyphenation patterns for 81 language(s) loaded.
(/usr/share/texlive/texmf-dist/tex/latex/beamer/beamer.cls
(/usr/share/texlive/texmf-dist/tex/latex/beamer/beamerbasercs.sty
Package: beamerbasercs 2015/03/08 (rcs-revision 368aa9ba9d38)
)
Document Class: beamer 2015/01/05 3.36 A class for typesetting presentations (r
cs-revision 8a39122e1f63)
(/usr/share/texlive/texmf-dist/tex/latex/beamer/beamerbasemodes.sty
Package: beamerbasemodes 2013/09/03 (rcs-revision 768f2d98ca64)
\beamer@tempbox=\box26
\beamer@tempcount=\count79
\c@beamerpauses=\count80

(/usr/share/texlive/texmf-dist/tex/latex/beamer/beamerbasedecode.sty
Package: beamerbasedecode 2010/05/01 (rcs-revision efa082c6111d)
\beamer@slideinframe=\count81
\beamer@minimum=\count82
)
\beamer@commentbox=\box27
\beamer@modecount=\count83
)
(/usr/share/texlive/texmf-dist/tex/generic/oberdiek/ifpdf.sty
Package: ifpdf 2011/01/30 v2.3 Provides the ifpdf switch (HO)
Package ifpdf Info: pdfTeX in PDF mode is detected.
)
\headheight=\dimen102
\headdp=\dimen103
\footheight=\dimen104
\sidebarheight=\dimen105
\beamer@tempdim=\dimen106
\beamer@finalheight=\dimen107
\beamer@animht=\dimen108
\beamer@animdp=\dimen109
\beamer@animwd=\dimen110
\beamer@leftmargin=\dimen111
\beamer@rightmargin=\dimen112
\beamer@leftsidebar=\dimen113
\beamer@rightsidebar=\dimen114
\beamer@boxsize=\dimen115
\beamer@vboxoffset=\dimen116
\beamer@descdefault=\dimen117
\beamer@descriptionwidth=\dimen118
\beamer@lastskip=\skip41
\beamer@areabox=\box28
\beamer@animcurrent=\box29
\beamer@animshowbox=\box30
\beamer@sectionbox=\box31
\beamer@logobox=\box32
\beamer@linebox=\box33
\beamer@sectioncount=\count84
\beamer@subsubsectionmax=\count85
\beamer@subsectionmax=\count86
\beamer@sectionmax=\count87
\beamer@totalheads=\count88
\beamer@headcounter=\count89
\beamer@partstartpage=\count90
\beamer@sectionstartpage=\count91
\beamer@subsectionstartpage=\count92
\beamer@animationtempa=\count93
\beamer@animationtempb=\count94
\beamer@xpos=\count95
\beamer@ypos=\count96
\beamer@showpartnumber=\count97
\beamer@currentsubsection=\count98
\beamer@coveringdepth=\count99
\beamer@sectionadjust=\count100
\beamer@tocsectionnumber=\count101

(/usr/share/texlive/texmf-dist/tex/latex/beamer/beamerbaseoptions.sty
Package: beamerbaseoptions 2013/03/10 (rcs-revision 47431932db0d)

(/usr/share/texlive/texmf-dist/tex/latex/graphics/keyval.sty
Package: keyval 2014/10/28 v1.15 key=value parser (DPC)
\KV@toks@=\toks14
))
\beamer@paperwidth=\skip42
\beamer@paperheight=\skip43

(/usr/share/texlive/texmf-dist/tex/latex/geometry/geometry.sty
Package: geometry 2010/09/12 v5.6 Page Geometry

(/usr/share/texlive/texmf-dist/tex/generic/oberdiek/ifvtex.sty
Package: ifvtex 2010/03/01 v1.5 Detect VTeX and its facilities (HO)
Package ifvtex Info: VTeX not detected.
)
(/usr/share/texlive/texmf-dist/tex/generic/ifxetex/ifxetex.sty
Package: ifxetex 2010/09/12 v0.6 Provides ifxetex conditional
)
\Gm@cnth=\count102
\Gm@cntv=\count103
\c@Gm@tempcnt=\count104
\Gm@bindingoffset=\dimen119
\Gm@wd@mp=\dimen120
\Gm@odd@mp=\dimen121
\Gm@even@mp=\dimen122
\Gm@layoutwidth=\dimen123
\Gm@layoutheight=\dimen124
\Gm@layouthoffset=\dimen125
\Gm@layoutvoffset=\dimen126
\Gm@dimlist=\toks15
)
(/usr/share/texlive/texmf-dist/tex/latex/base/size11.clo
File: size11.clo 2014/09/29 v1.4h Standard LaTeX file (size option)
)
(/usr/share/texlive/texmf-dist/tex/latex/pgf/basiclayer/pgfcore.sty
(/usr/share/texlive/texmf-dist/tex/latex/graphics/graphicx.sty
Package: graphicx 2014/10/28 v1.0g Enhanced LaTeX Graphics (DPC,SPQR)

(/usr/share/texlive/texmf-dist/tex/latex/graphics/graphics.sty
Package: graphics 2016/01/03 v1.0q Standard LaTeX Graphics (DPC,SPQR)

(/usr/share/texlive/texmf-dist/tex/latex/graphics/trig.sty
Package: trig 2016/01/03 v1.10 sin cos tan (DPC)
)
(/usr/share/texlive/texmf-dist/tex/latex/latexconfig/graphics.cfg
File: graphics.cfg 2010/04/23 v1.9 graphics configuration of TeX Live
)
Package graphics Info: Driver file: pdftex.def on input line 95.

(/usr/share/texlive/texmf-dist/tex/latex/pdftex-def/pdftex.def
File: pdftex.def 2011/05/27 v0.06d Graphics/color for pdfTeX

(/usr/share/texlive/texmf-dist/tex/generic/oberdiek/infwarerr.sty
Package: infwarerr 2010/04/08 v1.3 Providing info/warning/error messages (HO)
)
(/usr/share/texlive/texmf-dist/tex/generic/oberdiek/ltxcmds.sty
Package: ltxcmds 2011/11/09 v1.22 LaTeX kernel commands for general use (HO)
)
\Gread@gobject=\count105
))
\Gin@req@height=\dimen127
\Gin@req@width=\dimen128
)
(/usr/share/texlive/texmf-dist/tex/latex/pgf/systemlayer/pgfsys.sty
(/usr/share/texlive/texmf-dist/tex/latex/pgf/utilities/pgfrcs.sty
(/usr/share/texlive/texmf-dist/tex/generic/pgf/utilities/pgfutil-common.tex
\pgfutil@everybye=\toks16
\pgfutil@tempdima=\dimen129
\pgfutil@tempdimb=\dimen130

(/usr/share/texlive/texmf-dist/tex/generic/pgf/utilities/pgfutil-common-lists.t
ex)) (/usr/share/texlive/texmf-dist/tex/generic/pgf/utilities/pgfutil-latex.def
\pgfutil@abb=\box34
(/usr/share/texlive/texmf-dist/tex/latex/ms/everyshi.sty
Package: everyshi 2001/05/15 v3.00 EveryShipout Package (MS)
))
(/usr/share/texlive/texmf-dist/tex/generic/pgf/utilities/pgfrcs.code.tex
Package: pgfrcs 2015/08/07 v3.0.1a (rcs-revision 1.31)
))
(/usr/share/texlive/texmf-dist/tex/generic/pgf/systemlayer/pgfsys.code.tex
Package: pgfsys 2014/07/09 v3.0.1a (rcs-revision 1.48)

(/usr/share/texlive/texmf-dist/tex/generic/pgf/utilities/pgfkeys.code.tex
\pgfkeys@pathtoks=\toks17
\pgfkeys@temptoks=\toks18

(/usr/share/texlive/texmf-dist/tex/generic/pgf/utilities/pgfkeysfiltered.code.t
ex
\pgfkeys@tmptoks=\toks19
))
\pgf@x=\dimen131
\pgf@y=\dimen132
\pgf@xa=\dimen133
\pgf@ya=\dimen134
\pgf@xb=\dimen135
\pgf@yb=\dimen136
\pgf@xc=\dimen137
\pgf@yc=\dimen138
\w@pgf@writea=\write3
\r@pgf@reada=\read1
\c@pgf@counta=\count106
\c@pgf@countb=\count107
\c@pgf@countc=\count108
\c@pgf@countd=\count109
\t@pgf@toka=\toks20
\t@pgf@tokb=\toks21
\t@pgf@tokc=\toks22
 (/usr/share/texlive/texmf-dist/tex/generic/pgf/systemlayer/pgf.cfg
File: pgf.cfg 2008/05/14  (rcs-revision 1.7)
)
Driver file for pgf: pgfsys-pdftex.def

(/usr/share/texlive/texmf-dist/tex/generic/pgf/systemlayer/pgfsys-pdftex.def
File: pgfsys-pdftex.def 2014/10/11  (rcs-revision 1.35)

(/usr/share/texlive/texmf-dist/tex/generic/pgf/systemlayer/pgfsys-common-pdf.de
f
File: pgfsys-common-pdf.def 2013/10/10  (rcs-revision 1.13)
)))
(/usr/share/texlive/texmf-dist/tex/generic/pgf/systemlayer/pgfsyssoftpath.code.
tex
File: pgfsyssoftpath.code.tex 2013/09/09  (rcs-revision 1.9)
\pgfsyssoftpath@smallbuffer@items=\count110
\pgfsyssoftpath@bigbuffer@items=\count111
)
(/usr/share/texlive/texmf-dist/tex/generic/pgf/systemlayer/pgfsysprotocol.code.
tex
File: pgfsysprotocol.code.tex 2006/10/16  (rcs-revision 1.4)
)) (/usr/share/texlive/texmf-dist/tex/latex/xcolor/xcolor.sty
Package: xcolor 2007/01/21 v2.11 LaTeX color extensions (UK)

(/usr/share/texlive/texmf-dist/tex/latex/latexconfig/color.cfg
File: color.cfg 2007/01/18 v1.5 color configuration of teTeX/TeXLive
)
Package xcolor Info: Driver file: pdftex.def on input line 225.
Package xcolor Info: Model `cmy' substituted by `cmy0' on input line 1337.
Package xcolor Info: Model `hsb' substituted by `rgb' on input line 1341.
Package xcolor Info: Model `RGB' extended on input line 1353.
Package xcolor Info: Model `HTML' substituted by `rgb' on input line 1355.
Package xcolor Info: Model `Hsb' substituted by `hsb' on input line 1356.
Package xcolor Info: Model `tHsb' substituted by `hsb' on input line 1357.
Package xcolor Info: Model `HSB' substituted by `hsb' on input line 1358.
Package xcolor Info: Model `Gray' substituted by `gray' on input line 1359.
Package xcolor Info: Model `wave' substituted by `hsb' on input line 1360.
)
(/usr/share/texlive/texmf-dist/tex/generic/pgf/basiclayer/pgfcore.code.tex
Package: pgfcore 2010/04/11 v3.0.1a (rcs-revision 1.7)

(/usr/share/texlive/texmf-dist/tex/generic/pgf/math/pgfmath.code.tex
(/usr/share/texlive/texmf-dist/tex/generic/pgf/math/pgfmathcalc.code.tex
(/usr/share/texlive/texmf-dist/tex/generic/pgf/math/pgfmathutil.code.tex)
(/usr/share/texlive/texmf-dist/tex/generic/pgf/math/pgfmathparser.code.tex
\pgfmath@dimen=\dimen139
\pgfmath@count=\count112
\pgfmath@box=\box35
\pgfmath@toks=\toks23
\pgfmath@stack@operand=\toks24
\pgfmath@stack@operation=\toks25
)
(/usr/share/texlive/texmf-dist/tex/generic/pgf/math/pgfmathfunctions.code.tex
(/usr/share/texlive/texmf-dist/tex/generic/pgf/math/pgfmathfunctions.basic.code
.tex)
(/usr/share/texlive/texmf-dist/tex/generic/pgf/math/pgfmathfunctions.trigonomet
ric.code.tex)
(/usr/share/texlive/texmf-dist/tex/generic/pgf/math/pgfmathfunctions.random.cod
e.tex)
(/usr/share/texlive/texmf-dist/tex/generic/pgf/math/pgfmathfunctions.comparison
.code.tex)
(/usr/share/texlive/texmf-dist/tex/generic/pgf/math/pgfmathfunctions.base.code.
tex)
(/usr/share/texlive/texmf-dist/tex/generic/pgf/math/pgfmathfunctions.round.code
.tex)
(/usr/share/texlive/texmf-dist/tex/generic/pgf/math/pgfmathfunctions.misc.code.
tex)
(/usr/share/texlive/texmf-dist/tex/generic/pgf/math/pgfmathfunctions.integerari
thmetics.code.tex)))
(/usr/share/texlive/texmf-dist/tex/generic/pgf/math/pgfmathfloat.code.tex
\c@pgfmathroundto@lastzeros=\count113
))
(/usr/share/texlive/texmf-dist/tex/generic/pgf/basiclayer/pgfcorepoints.code.te
x
File: pgfcorepoints.code.tex 2013/10/07  (rcs-revision 1.27)
\pgf@picminx=\dimen140
\pgf@picmaxx=\dimen141
\pgf@picminy=\dimen142
\pgf@picmaxy=\dimen143
\pgf@pathminx=\dimen144
\pgf@pathmaxx=\dimen145
\pgf@pathminy=\dimen146
\pgf@pathmaxy=\dimen147
\pgf@xx=\dimen148
\pgf@xy=\dimen149
\pgf@yx=\dimen150
\pgf@yy=\dimen151
\pgf@zx=\dimen152
\pgf@zy=\dimen153
)
(/usr/share/texlive/texmf-dist/tex/generic/pgf/basiclayer/pgfcorepathconstruct.
code.tex
File: pgfcorepathconstruct.code.tex 2013/10/07  (rcs-revision 1.29)
\pgf@path@lastx=\dimen154
\pgf@path@lasty=\dimen155
)
(/usr/share/texlive/texmf-dist/tex/generic/pgf/basiclayer/pgfcorepathusage.code
.tex
File: pgfcorepathusage.code.tex 2014/11/02  (rcs-revision 1.24)
\pgf@shorten@end@additional=\dimen156
\pgf@shorten@start@additional=\dimen157
)
(/usr/share/texlive/texmf-dist/tex/generic/pgf/basiclayer/pgfcorescopes.code.te
x
File: pgfcorescopes.code.tex 2015/05/08  (rcs-revision 1.46)
\pgfpic=\box36
\pgf@hbox=\box37
\pgf@layerbox@main=\box38
\pgf@picture@serial@count=\count114
)
(/usr/share/texlive/texmf-dist/tex/generic/pgf/basiclayer/pgfcoregraphicstate.c
ode.tex
File: pgfcoregraphicstate.code.tex 2014/11/02  (rcs-revision 1.12)
\pgflinewidth=\dimen158
)
(/usr/share/texlive/texmf-dist/tex/generic/pgf/basiclayer/pgfcoretransformation
s.code.tex
File: pgfcoretransformations.code.tex 2015/08/07  (rcs-revision 1.20)
\pgf@pt@x=\dimen159
\pgf@pt@y=\dimen160
\pgf@pt@temp=\dimen161
)
(/usr/share/texlive/texmf-dist/tex/generic/pgf/basiclayer/pgfcorequick.code.tex
File: pgfcorequick.code.tex 2008/10/09  (rcs-revision 1.3)
)
(/usr/share/texlive/texmf-dist/tex/generic/pgf/basiclayer/pgfcoreobjects.code.t
ex
File: pgfcoreobjects.code.tex 2006/10/11  (rcs-revision 1.2)
)
(/usr/share/texlive/texmf-dist/tex/generic/pgf/basiclayer/pgfcorepathprocessing
.code.tex
File: pgfcorepathprocessing.code.tex 2013/09/09  (rcs-revision 1.9)
)
(/usr/share/texlive/texmf-dist/tex/generic/pgf/basiclayer/pgfcorearrows.code.te
x
File: pgfcorearrows.code.tex 2015/05/14  (rcs-revision 1.43)
\pgfarrowsep=\dimen162
)
(/usr/share/texlive/texmf-dist/tex/generic/pgf/basiclayer/pgfcoreshade.code.tex
File: pgfcoreshade.code.tex 2013/07/15  (rcs-revision 1.15)
\pgf@max=\dimen163
\pgf@sys@shading@range@num=\count115
)
(/usr/share/texlive/texmf-dist/tex/generic/pgf/basiclayer/pgfcoreimage.code.tex
File: pgfcoreimage.code.tex 2013/07/15  (rcs-revision 1.18)

(/usr/share/texlive/texmf-dist/tex/generic/pgf/basiclayer/pgfcoreexternal.code.
tex
File: pgfcoreexternal.code.tex 2014/07/09  (rcs-revision 1.21)
\pgfexternal@startupbox=\box39
))
(/usr/share/texlive/texmf-dist/tex/generic/pgf/basiclayer/pgfcorelayers.code.te
x
File: pgfcorelayers.code.tex 2013/07/18  (rcs-revision 1.7)
)
(/usr/share/texlive/texmf-dist/tex/generic/pgf/basiclayer/pgfcoretransparency.c
ode.tex
File: pgfcoretransparency.code.tex 2013/09/30  (rcs-revision 1.5)
)
(/usr/share/texlive/texmf-dist/tex/generic/pgf/basiclayer/pgfcorepatterns.code.
tex
File: pgfcorepatterns.code.tex 2013/11/07  (rcs-revision 1.5)
))) (/usr/share/texlive/texmf-dist/tex/latex/pgf/utilities/xxcolor.sty
Package: xxcolor 2003/10/24 ver 0.1
\XC@nummixins=\count116
\XC@countmixins=\count117
)
(/usr/share/texlive/texmf-dist/tex/generic/oberdiek/atbegshi.sty
Package: atbegshi 2011/10/05 v1.16 At begin shipout hook (HO)
)
(/usr/share/texlive/texmf-dist/tex/latex/hyperref/hyperref.sty
Package: hyperref 2012/11/06 v6.83m Hypertext links for LaTeX

(/usr/share/texlive/texmf-dist/tex/generic/oberdiek/hobsub-hyperref.sty
Package: hobsub-hyperref 2012/05/28 v1.13 Bundle oberdiek, subset hyperref (HO)


(/usr/share/texlive/texmf-dist/tex/generic/oberdiek/hobsub-generic.sty
Package: hobsub-generic 2012/05/28 v1.13 Bundle oberdiek, subset generic (HO)
Package: hobsub 2012/05/28 v1.13 Construct package bundles (HO)
Package hobsub Info: Skipping package `infwarerr' (already loaded).
Package hobsub Info: Skipping package `ltxcmds' (already loaded).
Package: ifluatex 2010/03/01 v1.3 Provides the ifluatex switch (HO)
Package ifluatex Info: LuaTeX not detected.
Package hobsub Info: Skipping package `ifvtex' (already loaded).
Package: intcalc 2007/09/27 v1.1 Expandable calculations with integers (HO)
Package hobsub Info: Skipping package `ifpdf' (already loaded).
Package: etexcmds 2011/02/16 v1.5 Avoid name clashes with e-TeX commands (HO)
Package etexcmds Info: Could not find \expanded.
(etexcmds)             That can mean that you are not using pdfTeX 1.50 or
(etexcmds)             that some package has redefined \expanded.
(etexcmds)             In the latter case, load this package earlier.
Package: kvsetkeys 2012/04/25 v1.16 Key value parser (HO)
Package: kvdefinekeys 2011/04/07 v1.3 Define keys (HO)
Package: pdftexcmds 2011/11/29 v0.20 Utility functions of pdfTeX for LuaTeX (HO
)
Package pdftexcmds Info: LuaTeX not detected.
Package pdftexcmds Info: \pdf@primitive is available.
Package pdftexcmds Info: \pdf@ifprimitive is available.
Package pdftexcmds Info: \pdfdraftmode found.
Package: pdfescape 2011/11/25 v1.13 Implements pdfTeX's escape features (HO)
Package: bigintcalc 2012/04/08 v1.3 Expandable calculations on big integers (HO
)
Package: bitset 2011/01/30 v1.1 Handle bit-vector datatype (HO)
Package: uniquecounter 2011/01/30 v1.2 Provide unlimited unique counter (HO)
)
Package hobsub Info: Skipping package `hobsub' (already loaded).
Package: letltxmacro 2010/09/02 v1.4 Let assignment for LaTeX macros (HO)
Package: hopatch 2012/05/28 v1.2 Wrapper for package hooks (HO)
Package: xcolor-patch 2011/01/30 xcolor patch
Package: atveryend 2011/06/30 v1.8 Hooks at the very end of document (HO)
Package atveryend Info: \enddocument detected (standard20110627).
Package hobsub Info: Skipping package `atbegshi' (already loaded).
Package: refcount 2011/10/16 v3.4 Data extraction from label references (HO)
Package: hycolor 2011/01/30 v1.7 Color options for hyperref/bookmark (HO)
)
(/usr/share/texlive/texmf-dist/tex/latex/oberdiek/auxhook.sty
Package: auxhook 2011/03/04 v1.3 Hooks for auxiliary files (HO)
)
(/usr/share/texlive/texmf-dist/tex/latex/oberdiek/kvoptions.sty
Package: kvoptions 2011/06/30 v3.11 Key value format for package options (HO)
)
\@linkdim=\dimen164
\Hy@linkcounter=\count118
\Hy@pagecounter=\count119

(/usr/share/texlive/texmf-dist/tex/latex/hyperref/pd1enc.def
File: pd1enc.def 2012/11/06 v6.83m Hyperref: PDFDocEncoding definition (HO)
)
\Hy@SavedSpaceFactor=\count120

(/usr/share/texlive/texmf-dist/tex/latex/latexconfig/hyperref.cfg
File: hyperref.cfg 2002/06/06 v1.2 hyperref configuration of TeXLive
)
Package hyperref Info: Option `bookmarks' set `true' on input line 4319.
Package hyperref Info: Option `bookmarksopen' set `true' on input line 4319.
Package hyperref Info: Option `implicit' set `false' on input line 4319.
Package hyperref Info: Hyper figures OFF on input line 4443.
Package hyperref Info: Link nesting OFF on input line 4448.
Package hyperref Info: Hyper index ON on input line 4451.
Package hyperref Info: Plain pages OFF on input line 4458.
Package hyperref Info: Backreferencing OFF on input line 4463.
Package hyperref Info: Implicit mode OFF; no redefinition of LaTeX internals.
Package hyperref Info: Bookmarks ON on input line 4688.
\c@Hy@tempcnt=\count121

(/usr/share/texlive/texmf-dist/tex/latex/url/url.sty
\Urlmuskip=\muskip10
Package: url 2013/09/16  ver 3.4  Verb mode for urls, etc.
)
LaTeX Info: Redefining \url on input line 5041.
\XeTeXLinkMargin=\dimen165
\Fld@menulength=\count122
\Field@Width=\dimen166
\Fld@charsize=\dimen167
Package hyperref Info: Hyper figures OFF on input line 6295.
Package hyperref Info: Link nesting OFF on input line 6300.
Package hyperref Info: Hyper index ON on input line 6303.
Package hyperref Info: backreferencing OFF on input line 6310.
Package hyperref Info: Link coloring OFF on input line 6315.
Package hyperref Info: Link coloring with OCG OFF on input line 6320.
Package hyperref Info: PDF/A mode OFF on input line 6325.
LaTeX Info: Redefining \ref on input line 6365.
LaTeX Info: Redefining \pageref on input line 6369.
\Hy@abspage=\count123


Package hyperref Message: Stopped early.

)

Package hyperref Message: Driver (autodetected): hpdftex.

(/usr/share/texlive/texmf-dist/tex/latex/hyperref/hpdftex.def
File: hpdftex.def 2012/11/06 v6.83m Hyperref driver for pdfTeX
\Fld@listcount=\count124
\c@bookmark@seq@number=\count125

(/usr/share/texlive/texmf-dist/tex/latex/oberdiek/rerunfilecheck.sty
Package: rerunfilecheck 2011/04/15 v1.7 Rerun checks for auxiliary files (HO)
Package uniquecounter Info: New unique counter `rerunfilecheck' on input line 2
82.
))
(/usr/share/texlive/texmf-dist/tex/latex/beamer/beamerbaserequires.sty
Package: beamerbaserequires 2010/05/01  (rcs-revision efa082c6111d)

(/usr/share/texlive/texmf-dist/tex/latex/beamer/beamerbasecompatibility.sty
Package: beamerbasecompatibility 2012/05/01  (rcs-revision 67c48b3b652d)
)
(/usr/share/texlive/texmf-dist/tex/latex/beamer/beamerbasefont.sty
Package: beamerbasefont 2015/01/05  (rcs-revision b4b4bee242e2)

(/usr/share/texlive/texmf-dist/tex/latex/amsfonts/amssymb.sty
Package: amssymb 2013/01/14 v3.01 AMS font symbols

(/usr/share/texlive/texmf-dist/tex/latex/amsfonts/amsfonts.sty
Package: amsfonts 2013/01/14 v3.01 Basic AMSFonts support
\@emptytoks=\toks26
\symAMSa=\mathgroup4
\symAMSb=\mathgroup5
LaTeX Font Info:    Overwriting math alphabet `\mathfrak' in version `bold'
(Font)                  U/euf/m/n --> U/euf/b/n on input line 106.
))
(/usr/share/texlive/texmf-dist/tex/latex/sansmathaccent/sansmathaccent.sty
Package: sansmathaccent 2013/03/28

(/usr/share/texlive/texmf-dist/tex/latex/filehook/filehook.sty
Package: filehook 2011/10/12 v0.5d Hooks for input files
)))
(/usr/share/texlive/texmf-dist/tex/latex/beamer/beamerbasetranslator.sty
Package: beamerbasetranslator 2010/06/11  (rcs-revision 85fd1cc7fc42)

(/usr/share/texlive/texmf-dist/tex/latex/beamer/translator/translator.sty
Package: translator 2010/06/12 ver 1.10

(/usr/share/texlive/texmf-dist/tex/latex/beamer/translator/translator-language-
mappings.tex)))
(/usr/share/texlive/texmf-dist/tex/latex/beamer/beamerbasemisc.sty
Package: beamerbasemisc 2013/09/03  (rcs-revision a55719c41d85)
)
(/usr/share/texlive/texmf-dist/tex/latex/beamer/beamerbasetwoscreens.sty
Package: beamerbasetwoscreens 2010/05/01  (rcs-revision efa082c6111d)
)
(/usr/share/texlive/texmf-dist/tex/latex/beamer/beamerbaseoverlay.sty
Package: beamerbaseoverlay 2013/12/25  (rcs-revision f6bd5e3805da)
\beamer@argscount=\count126
\beamer@lastskipcover=\skip44
\beamer@trivlistdepth=\count127
)
(/usr/share/texlive/texmf-dist/tex/latex/beamer/beamerbasetitle.sty
Package: beamerbasetitle 2010/09/21  (rcs-revision f0446ed0b6ae)
)
(/usr/share/texlive/texmf-dist/tex/latex/beamer/beamerbasesection.sty
Package: beamerbasesection 2013/06/07  (rcs-revision 60b9fe0f342f)
\c@lecture=\count128
\c@part=\count129
\c@section=\count130
\c@subsection=\count131
\c@subsubsection=\count132
)
(/usr/share/texlive/texmf-dist/tex/latex/beamer/beamerbaseframe.sty
Package: beamerbaseframe 2014/02/20  (rcs-revision 4b8ceeeff434)
\beamer@framebox=\box40
\beamer@frametitlebox=\box41
\beamer@zoombox=\box42
\beamer@zoomcount=\count133
\beamer@zoomframecount=\count134
\beamer@frametextheight=\dimen168
\c@subsectionslide=\count135
\beamer@frametopskip=\skip45
\beamer@framebottomskip=\skip46
\beamer@frametopskipautobreak=\skip47
\beamer@framebottomskipautobreak=\skip48
\beamer@envbody=\toks27
\framewidth=\dimen169
\c@framenumber=\count136
)
(/usr/share/texlive/texmf-dist/tex/latex/beamer/beamerbaseverbatim.sty
Package: beamerbaseverbatim 2015/01/05  (rcs-revision 431510bb5890)
\beamer@verbatimfileout=\write4
)
(/usr/share/texlive/texmf-dist/tex/latex/beamer/beamerbaseframesize.sty
Package: beamerbaseframesize 2011/09/12  (rcs-revision 70f9d8411e54)
\beamer@splitbox=\box43
\beamer@autobreakcount=\count137
\beamer@autobreaklastheight=\dimen170
\beamer@frametitletoks=\toks28
\beamer@framesubtitletoks=\toks29
)
(/usr/share/texlive/texmf-dist/tex/latex/beamer/beamerbaseframecomponents.sty
Package: beamerbaseframecomponents 2013/10/18  (rcs-revision 5cf6c5555a45)
\beamer@footins=\box44
)
(/usr/share/texlive/texmf-dist/tex/latex/beamer/beamerbasecolor.sty
Package: beamerbasecolor 2015/02/21  (rcs-revision d944b04ee2d5)
)
(/usr/share/texlive/texmf-dist/tex/latex/beamer/beamerbasenotes.sty
Package: beamerbasenotes 2012/12/19  (rcs-revision 1686da3db3c9)
\beamer@frameboxcopy=\box45
)
(/usr/share/texlive/texmf-dist/tex/latex/beamer/beamerbasetoc.sty
Package: beamerbasetoc 2015/03/08  (rcs-revision 7270298bbaae)
)
(/usr/share/texlive/texmf-dist/tex/latex/beamer/beamerbasetemplates.sty
Package: beamerbasetemplates 2010/05/01  (rcs-revision efa082c6111d)
\beamer@sbttoks=\toks30

(/usr/share/texlive/texmf-dist/tex/latex/beamer/beamerbaseauxtemplates.sty
Package: beamerbaseauxtemplates 2014/06/30  (rcs-revision 580088513a67)

(/usr/share/texlive/texmf-dist/tex/latex/beamer/beamerbaseboxes.sty
Package: beamerbaseboxes 2012/05/13  (rcs-revision 56972908a390)
\bmb@box=\box46
\bmb@colorbox=\box47
\bmb@boxshadow=\box48
\bmb@boxshadowball=\box49
\bmb@boxshadowballlarge=\box50
\bmb@temp=\dimen171
\bmb@dima=\dimen172
\bmb@dimb=\dimen173
\bmb@prevheight=\dimen174
)
\beamer@blockheadheight=\dimen175
))
(/usr/share/texlive/texmf-dist/tex/latex/beamer/beamerbaselocalstructure.sty
Package: beamerbaselocalstructure 2014/09/10  (rcs-revision 393f6dcff371)

(/usr/share/texlive/texmf-dist/tex/latex/tools/enumerate.sty
Package: enumerate 2015/07/23 v3.00 enumerate extensions (DPC)
\@enLab=\toks31
)
\c@figure=\count138
\c@table=\count139
\abovecaptionskip=\skip49
\belowcaptionskip=\skip50
)
(/usr/share/texlive/texmf-dist/tex/latex/beamer/beamerbasenavigation.sty
Package: beamerbasenavigation 2015/02/27  (rcs-revision 923f4bf87efa)
\beamer@section@min@dim=\dimen176
)
(/usr/share/texlive/texmf-dist/tex/latex/beamer/beamerbasetheorems.sty
Package: beamerbasetheorems 2010/06/06  (rcs-revision 7e7cc5e53e9d)

(/usr/share/texlive/texmf-dist/tex/latex/amsmath/amsmath.sty
Package: amsmath 2016/03/03 v2.15a AMS math features
\@mathmargin=\skip51

For additional information on amsmath, use the `?' option.
(/usr/share/texlive/texmf-dist/tex/latex/amsmath/amstext.sty
Package: amstext 2000/06/29 v2.01 AMS text

(/usr/share/texlive/texmf-dist/tex/latex/amsmath/amsgen.sty
File: amsgen.sty 1999/11/30 v2.0 generic functions
\@emptytoks=\toks32
\ex@=\dimen177
))
(/usr/share/texlive/texmf-dist/tex/latex/amsmath/amsbsy.sty
Package: amsbsy 1999/11/29 v1.2d Bold Symbols
\pmbraise@=\dimen178
)
(/usr/share/texlive/texmf-dist/tex/latex/amsmath/amsopn.sty
Package: amsopn 1999/12/14 v2.01 operator names
)
\inf@bad=\count140
LaTeX Info: Redefining \frac on input line 199.
\uproot@=\count141
\leftroot@=\count142
LaTeX Info: Redefining \overline on input line 297.
\classnum@=\count143
\DOTSCASE@=\count144
LaTeX Info: Redefining \ldots on input line 394.
LaTeX Info: Redefining \dots on input line 397.
LaTeX Info: Redefining \cdots on input line 518.
\Mathstrutbox@=\box51
\strutbox@=\box52
\big@size=\dimen179
LaTeX Font Info:    Redeclaring font encoding OML on input line 630.
LaTeX Font Info:    Redeclaring font encoding OMS on input line 631.
\macc@depth=\count145
\c@MaxMatrixCols=\count146
\dotsspace@=\muskip11
\c@parentequation=\count147
\dspbrk@lvl=\count148
\tag@help=\toks33
\row@=\count149
\column@=\count150
\maxfields@=\count151
\andhelp@=\toks34
\eqnshift@=\dimen180
\alignsep@=\dimen181
\tagshift@=\dimen182
\tagwidth@=\dimen183
\totwidth@=\dimen184
\lineht@=\dimen185
\@envbody=\toks35
\multlinegap=\skip52
\multlinetaggap=\skip53
\mathdisplay@stack=\toks36
LaTeX Info: Redefining \[ on input line 2735.
LaTeX Info: Redefining \] on input line 2736.
)
(/usr/share/texlive/texmf-dist/tex/latex/amscls/amsthm.sty
Package: amsthm 2015/03/04 v2.20.2
\thm@style=\toks37
\thm@bodyfont=\toks38
\thm@headfont=\toks39
\thm@notefont=\toks40
\thm@headpunct=\toks41
\thm@preskip=\skip54
\thm@postskip=\skip55
\thm@headsep=\skip56
\dth@everypar=\toks42
)
\c@theorem=\count152
)
(/usr/share/texlive/texmf-dist/tex/latex/beamer/beamerbasethemes.sty
Package: beamerbasethemes 2010/05/01  (rcs-revision efa082c6111d)
))
(/usr/share/texlive/texmf-dist/tex/latex/beamer/themes/theme/beamerthemedefault
.sty
Package: beamerthemedefault 2010/06/17  (rcs-revision d02a7cf4d8ae)

(/usr/share/texlive/texmf-dist/tex/latex/beamer/themes/font/beamerfontthemedefa
ult.sty
Package: beamerfontthemedefault 2012/12/19  (rcs-revision 1686da3db3c9)
)
(/usr/share/texlive/texmf-dist/tex/latex/beamer/themes/color/beamercolorthemede
fault.sty
Package: beamercolorthemedefault 2012/12/19  (rcs-revision 1686da3db3c9)
)
(/usr/share/texlive/texmf-dist/tex/latex/beamer/themes/inner/beamerinnerthemede
fault.sty
Package: beamerinnerthemedefault 2014/06/30  (rcs-revision 580088513a67)
\beamer@dima=\dimen186
\beamer@dimb=\dimen187
)
(/usr/share/texlive/texmf-dist/tex/latex/beamer/themes/outer/beamerouterthemede
fault.sty
Package: beamerouterthemedefault 2012/12/19  (rcs-revision 1686da3db3c9)
))) (/usr/share/texlive/texmf-dist/tex/latex/float/float.sty
Package: float 2001/11/08 v1.3d Float enhancements (AL)
\c@float@type=\count153
\float@exts=\toks43
\float@box=\box53
\@float@everytoks=\toks44
\@floatcapt=\box54
)
(/usr/share/texlive/texmf-dist/tex/latex/ms/ragged2e.sty
Package: ragged2e 2009/05/21 v2.1 ragged2e Package (MS)

(/usr/share/texlive/texmf-dist/tex/latex/ms/everysel.sty
Package: everysel 2011/10/28 v1.2 EverySelectfont Package (MS)
)
\CenteringLeftskip=\skip57
\RaggedLeftLeftskip=\skip58
\RaggedRightLeftskip=\skip59
\CenteringRightskip=\skip60
\RaggedLeftRightskip=\skip61
\RaggedRightRightskip=\skip62
\CenteringParfillskip=\skip63
\RaggedLeftParfillskip=\skip64
\RaggedRightParfillskip=\skip65
\JustifyingParfillskip=\skip66
\CenteringParindent=\skip67
\RaggedLeftParindent=\skip68
\RaggedRightParindent=\skip69
\JustifyingParindent=\skip70
)
(/usr/share/texlive/texmf-dist/tex/latex/beamer/themes/theme/beamerthemeboxes.s
ty
Package: beamerthemeboxes 2010/06/17  (rcs-revision d02a7cf4d8ae)
\beamer@boxheadheight=\dimen188
\beamer@boxfootheight=\dimen189
\beamer@headboxes=\count154
\beamer@headboxsizes=\dimen190
\beamer@currentbox=\count155
\beamer@footboxes=\count156
\beamer@footboxsizes=\dimen191
) (/usr/share/texlive/texmf-dist/tex/latex/pgf/utilities/pgfpages.sty
Package: pgfpages 2011/01/05 ver 0.02

(/usr/share/texlive/texmf-dist/tex/latex/tools/calc.sty
Package: calc 2014/10/28 v4.3 Infix arithmetic (KKT,FJ)
\calc@Acount=\count157
\calc@Bcount=\count158
\calc@Adimen=\dimen192
\calc@Bdimen=\dimen193
\calc@Askip=\skip71
\calc@Bskip=\skip72
LaTeX Info: Redefining \setlength on input line 80.
LaTeX Info: Redefining \addtolength on input line 81.
\calc@Ccount=\count159
\calc@Cskip=\skip73
)
\pgf@logicalpages=\count160
\pgf@firstshipout=\count161
\pgf@lastshipout=\count162
\pgf@currentshipout=\count163
\pgf@cpn=\count164
\pgf@shipoutnextto=\count165
\pgfphysicalheight=\dimen194
\pgfphysicalwidth=\dimen195
\pgfpages@shipoutbox=\box55
)
\pgfpages@box@1=\box56
\pgfpages@box@2=\box57

(/usr/share/texlive/texmf-dist/tex/latex/beamer/themes/font/beamerfontthemeseri
f.sty
Package: beamerfontthemeserif 2010/06/17  (rcs-revision d02a7cf4d8ae)
) (./lecture1.aux)
\openout1 = `lecture1.aux'.

LaTeX Font Info:    Checking defaults for OML/cmm/m/it on input line 36.
LaTeX Font Info:    ... okay on input line 36.
LaTeX Font Info:    Checking defaults for T1/cmr/m/n on input line 36.
LaTeX Font Info:    ... okay on input line 36.
LaTeX Font Info:    Checking defaults for OT1/cmr/m/n on input line 36.
LaTeX Font Info:    ... okay on input line 36.
LaTeX Font Info:    Checking defaults for OMS/cmsy/m/n on input line 36.
LaTeX Font Info:    ... okay on input line 36.
LaTeX Font Info:    Checking defaults for OMX/cmex/m/n on input line 36.
LaTeX Font Info:    ... okay on input line 36.
LaTeX Font Info:    Checking defaults for U/cmr/m/n on input line 36.
LaTeX Font Info:    ... okay on input line 36.
LaTeX Font Info:    Checking defaults for PD1/pdf/m/n on input line 36.
LaTeX Font Info:    ... okay on input line 36.

*geometry* driver: auto-detecting
*geometry* detected driver: pdftex
*geometry* verbose mode - [ preamble ] result:
* driver: pdftex
* paper: custom
* layout: <same size as paper>
* layoutoffset:(h,v)=(0.0pt,0.0pt)
* modes: includehead includefoot 
* h-part:(L,W,R)=(28.45274pt, 307.28987pt, 28.45274pt)
* v-part:(T,H,B)=(0.0pt, 273.14662pt, 0.0pt)
* \paperwidth=364.19536pt
* \paperheight=273.14662pt
* \textwidth=307.28987pt
* \textheight=244.6939pt
* \oddsidemargin=-43.81725pt
* \evensidemargin=-43.81725pt
* \topmargin=-72.26999pt
* \headheight=14.22636pt
* \headsep=0.0pt
* \topskip=11.0pt
* \footskip=14.22636pt
* \marginparwidth=4.0pt
* \marginparsep=10.0pt
* \columnsep=10.0pt
* \skip\footins=10.0pt plus 4.0pt minus 2.0pt
* \hoffset=0.0pt
* \voffset=0.0pt
* \mag=1000
* \@twocolumnfalse
* \@twosidefalse
* \@mparswitchfalse
* \@reversemarginfalse
* (1in=72.27pt=25.4mm, 1cm=28.453pt)

(/usr/share/texlive/texmf-dist/tex/context/base/supp-pdf.mkii
[Loading MPS to PDF converter (version 2006.09.02).]
\scratchcounter=\count166
\scratchdimen=\dimen196
\scratchbox=\box58
\nofMPsegments=\count167
\nofMParguments=\count168
\everyMPshowfont=\toks45
\MPscratchCnt=\count169
\MPscratchDim=\dimen197
\MPnumerator=\count170
\makeMPintoPDFobject=\count171
\everyMPtoPDFconversion=\toks46
) (/usr/share/texlive/texmf-dist/tex/latex/oberdiek/epstopdf-base.sty
Package: epstopdf-base 2010/02/09 v2.5 Base part for package epstopdf

(/usr/share/texlive/texmf-dist/tex/latex/oberdiek/grfext.sty
Package: grfext 2010/08/19 v1.1 Manage graphics extensions (HO)
)
Package grfext Info: Graphics extension search list:
(grfext)             [.png,.pdf,.jpg,.mps,.jpeg,.jbig2,.jb2,.PNG,.PDF,.JPG,.JPE
G,.JBIG2,.JB2,.eps]
(grfext)             \AppendGraphicsExtensions on input line 452.

(/usr/share/texlive/texmf-dist/tex/latex/latexconfig/epstopdf-sys.cfg
File: epstopdf-sys.cfg 2010/07/13 v1.3 Configuration of (r)epstopdf for TeX Liv
e
))
ABD: EveryShipout initializing macros
\AtBeginShipoutBox=\box59
Package hyperref Info: Link coloring OFF on input line 36.

(/usr/share/texlive/texmf-dist/tex/latex/hyperref/nameref.sty
Package: nameref 2012/10/27 v2.43 Cross-referencing by name of section

(/usr/share/texlive/texmf-dist/tex/generic/oberdiek/gettitlestring.sty
Package: gettitlestring 2010/12/03 v1.4 Cleanup title references (HO)
)
\c@section@level=\count172
)
LaTeX Info: Redefining \ref on input line 36.
LaTeX Info: Redefining \pageref on input line 36.
LaTeX Info: Redefining \nameref on input line 36.

(./lecture1.out) (./lecture1.out)
\@outlinefile=\write5
\openout5 = `lecture1.out'.


(/usr/share/texlive/texmf-dist/tex/latex/beamer/translator/dicts/translator-bas
ic-dictionary/translator-basic-dictionary-English.dict
Dictionary: translator-basic-dictionary, Language: English 
)
(/usr/share/texlive/texmf-dist/tex/latex/beamer/translator/dicts/translator-bib
liography-dictionary/translator-bibliography-dictionary-English.dict
Dictionary: translator-bibliography-dictionary, Language: English 
)
(/usr/share/texlive/texmf-dist/tex/latex/beamer/translator/dicts/translator-env
ironment-dictionary/translator-environment-dictionary-English.dict
Dictionary: translator-environment-dictionary, Language: English 
)
(/usr/share/texlive/texmf-dist/tex/latex/beamer/translator/dicts/translator-mon
ths-dictionary/translator-months-dictionary-English.dict
Dictionary: translator-months-dictionary, Language: English 
)
(/usr/share/texlive/texmf-dist/tex/latex/beamer/translator/dicts/translator-num
bers-dictionary/translator-numbers-dictionary-English.dict
Dictionary: translator-numbers-dictionary, Language: English 
)
(/usr/share/texlive/texmf-dist/tex/latex/beamer/translator/dicts/translator-the
orem-dictionary/translator-theorem-dictionary-English.dict
Dictionary: translator-theorem-dictionary, Language: English 
)
LaTeX Info: Redefining \includegraphics on input line 36.

ABD: EverySelectfont initializing macros
LaTeX Info: Redefining \selectfont on input line 36.
 (./lecture1.nav)

LaTeX Font Warning: Font shape `OT1/cmr/m/n' in size <4> not available
(Font)              size <5> substituted on input line 42.

<Figures/networks_book.jpeg, id=34, 401.5pt x 431.6125pt>
File: Figures/networks_book.jpeg Graphic file (type jpg)

<use Figures/networks_book.jpeg>
Package pdftex.def Info: Figures/networks_book.jpeg used on input line 50.
(pdftex.def)             Requested size: 184.3758pt x 198.20827pt.
 [2

{/var/lib/texmf/fonts/map/pdftex/updmap/pdftex.map}pdfTeX warning (ext4): desti
nation with the same identifier (name{Navigation1}) has been already used, dupl
icate ignored

\pgfpages@shipoutshipoutbox ...physicalpagesizes }
                                                  \endgroup 
l.50 \end{frame}
                pdfTeX warning (ext4): destination with the same identifier (na
me{page.1}) has been already used, duplicate ignored

\pgfpages@shipoutshipoutbox ...physicalpagesizes }
                                                  \endgroup 
l.50 \end{frame}
                

] <Figures/lesmis.pdf, id=68, 602.25pt x 602.25pt>
File: Figures/lesmis.pdf Graphic file (type pdf)

<use Figures/lesmis.pdf>
Package pdftex.def Info: Figures/lesmis.pdf used on input line 67.
(pdftex.def)             Requested size: 138.2795pt x 138.27565pt.
LaTeX Font Info:    Try loading font information for U+msa on input line 67.

(/usr/share/texlive/texmf-dist/tex/latex/amsfonts/umsa.fd
File: umsa.fd 2013/01/14 v3.01 AMS symbols A
)
LaTeX Font Info:    Try loading font information for U+msb on input line 67.

(/usr/share/texlive/texmf-dist/tex/latex/amsfonts/umsb.fd
File: umsb.fd 2013/01/14 v3.01 AMS symbols B
) [3

pdfTeX warning (ext4): destination with the same identifier (name{Navigation2})
 has been already used, duplicate ignored

\pgfpages@shipoutshipoutbox ...physicalpagesizes }
                                                  \endgroup 
l.67 \end{frame}
                pdfTeX warning (ext4): destination with the same identifier (na
me{page.2}) has been already used, duplicate ignored

\pgfpages@shipoutshipoutbox ...physicalpagesizes }
                                                  \endgroup 
l.67 \end{frame}
                

 <./Figures/networks_book.jpeg>] [4

pdfTeX warning (ext4): destination with the same identifier (name{Navigation3})
 has been already used, duplicate ignored

\pgfpages@shipoutshipoutbox ...physicalpagesizes }
                                                  \endgroup 
l.79 \end{frame}
                pdfTeX warning (ext4): destination with the same identifier (na
me{page.3}) has been already used, duplicate ignored

\pgfpages@shipoutshipoutbox ...physicalpagesizes }
                                                  \endgroup 
l.79 \end{frame}
                

 <./Figures/lesmis.pdf>] [5

pdfTeX warning (ext4): destination with the same identifier (name{Navigation4})
 has been already used, duplicate ignored

\pgfpages@shipoutshipoutbox ...physicalpagesizes }
                                                  \endgroup 
l.99 \end{frame}
                pdfTeX warning (ext4): destination with the same identifier (na
me{page.4}) has been already used, duplicate ignored

\pgfpages@shipoutshipoutbox ...physicalpagesizes }
                                                  \endgroup 
l.99 \end{frame}
                

] <Figures/galaxy.jpeg, id=152, 475.7775pt x 356.33125pt>
File: Figures/galaxy.jpeg Graphic file (type jpg)

<use Figures/galaxy.jpeg>
Package pdftex.def Info: Figures/galaxy.jpeg used on input line 111.
(pdftex.def)             Requested size: 184.3758pt x 138.0878pt.
 [6

pdfTeX warning (ext4): destination with the same identifier (name{Navigation5})
 has been already used, duplicate ignored

\pgfpages@shipoutshipoutbox ...physicalpagesizes }
                                                  \endgroup 
l.111 \end{frame}
                 pdfTeX warning (ext4): destination with the same identifier (n
ame{page.5}) has been already used, duplicate ignored

\pgfpages@shipoutshipoutbox ...physicalpagesizes }
                                                  \endgroup 
l.111 \end{frame}
                 

] <Figures/crystal.jpeg, id=180, 501.875pt x 501.875pt>
File: Figures/crystal.jpeg Graphic file (type jpg)

<use Figures/crystal.jpeg>
Package pdftex.def Info: Figures/crystal.jpeg used on input line 121.
(pdftex.def)             Requested size: 122.91406pt x 122.91066pt.
 [7

pdfTeX warning (ext4): destination with the same identifier (name{Navigation6})
 has been already used, duplicate ignored

\pgfpages@shipoutshipoutbox ...physicalpagesizes }
                                                  \endgroup 
l.121 \end{frame}
                 pdfTeX warning (ext4): destination with the same identifier (n
ame{page.6}) has been already used, duplicate ignored

\pgfpages@shipoutshipoutbox ...physicalpagesizes }
                                                  \endgroup 
l.121 \end{frame}
                 

 <./Figures/galaxy.jpeg>]
<Figures/cauliflower.jpeg, id=207, 697.6464pt x 468.3096pt>
File: Figures/cauliflower.jpeg Graphic file (type jpg)

<use Figures/cauliflower.jpeg>
Package pdftex.def Info: Figures/cauliflower.jpeg used on input line 131.
(pdftex.def)             Requested size: 215.10196pt x 144.38843pt.
 [8

pdfTeX warning (ext4): destination with the same identifier (name{Navigation7})
 has been already used, duplicate ignored

\pgfpages@shipoutshipoutbox ...physicalpagesizes }
                                                  \endgroup 
l.131 \end{frame}
                 pdfTeX warning (ext4): destination with the same identifier (n
ame{page.7}) has been already used, duplicate ignored

\pgfpages@shipoutshipoutbox ...physicalpagesizes }
                                                  \endgroup 
l.131 \end{frame}
                 

 <./Figures/crystal.jpeg>] [9

pdfTeX warning (ext4): destination with the same identifier (name{Navigation8})
 has been already used, duplicate ignored

\pgfpages@shipoutshipoutbox ...physicalpagesizes }
                                                  \endgroup 
l.142 \end{frame}
                 pdfTeX warning (ext4): destination with the same identifier (n
ame{page.8}) has been already used, duplicate ignored

\pgfpages@shipoutshipoutbox ...physicalpagesizes }
                                                  \endgroup 
l.142 \end{frame}
                 

 <./Figures/cauliflower.jpeg>]
<network.pdf, id=262, 602.25pt x 602.25pt>
File: network.pdf Graphic file (type pdf)
 <use network.pdf>
Package pdftex.def Info: network.pdf used on input line 162.
(pdftex.def)             Requested size: 153.64493pt x 128.0338pt.
 [10

pdfTeX warning (ext4): destination with the same identifier (name{Navigation9})
 has been already used, duplicate ignored

\pgfpages@shipoutshipoutbox ...physicalpagesizes }
                                                  \endgroup 
l.162 \end{frame}
                 pdfTeX warning (ext4): destination with the same identifier (n
ame{page.9}) has been already used, duplicate ignored

\pgfpages@shipoutshipoutbox ...physicalpagesizes }
                                                  \endgroup 
l.162 \end{frame}
                 

] [11

pdfTeX warning (ext4): destination with the same identifier (name{Navigation10}
) has been already used, duplicate ignored

\pgfpages@shipoutshipoutbox ...physicalpagesizes }
                                                  \endgroup 
l.174 \end{frame}
                 pdfTeX warning (ext4): destination with the same identifier (n
ame{page.10}) has been already used, duplicate ignored

\pgfpages@shipoutshipoutbox ...physicalpagesizes }
                                                  \endgroup 
l.174 \end{frame}
                 

 <./network.pdf>] [12

pdfTeX warning (ext4): destination with the same identifier (name{Navigation11}
) has been already used, duplicate ignored

\pgfpages@shipoutshipoutbox ...physicalpagesizes }
                                                  \endgroup 
l.194 \end{frame}
                 pdfTeX warning (ext4): destination with the same identifier (n
ame{page.11}) has been already used, duplicate ignored

\pgfpages@shipoutshipoutbox ...physicalpagesizes }
                                                  \endgroup 
l.194 \end{frame}
                 

] [13

pdfTeX warning (ext4): destination with the same identifier (name{Navigation12}
) has been already used, duplicate ignored

\pgfpages@shipoutshipoutbox ...physicalpagesizes }
                                                  \endgroup 
l.194 \end{frame}
                 pdfTeX warning (ext4): destination with the same identifier (n
ame{page.12}) has been already used, duplicate ignored

\pgfpages@shipoutshipoutbox ...physicalpagesizes }
                                                  \endgroup 
l.194 \end{frame}
                 

] [14

pdfTeX warning (ext4): destination with the same identifier (name{Navigation13}
) has been already used, duplicate ignored

\pgfpages@shipoutshipoutbox ...physicalpagesizes }
                                                  \endgroup 
l.194 \end{frame}
                 pdfTeX warning (ext4): destination with the same identifier (n
ame{page.13}) has been already used, duplicate ignored

\pgfpages@shipoutshipoutbox ...physicalpagesizes }
                                                  \endgroup 
l.194 \end{frame}
                 

]
<Figures/weighted_directed_nonsimple2.pdf, id=407, 602.25pt x 602.25pt>
File: Figures/weighted_directed_nonsimple2.pdf Graphic file (type pdf)

<use Figures/weighted_directed_nonsimple2.pdf>
Package pdftex.def Info: Figures/weighted_directed_nonsimple2.pdf used on input
 line 213.
(pdftex.def)             Requested size: 193.59044pt x 193.58775pt.
 [15

pdfTeX warning (ext4): destination with the same identifier (name{Navigation14}
) has been already used, duplicate ignored

\pgfpages@shipoutshipoutbox ...physicalpagesizes }
                                                  \endgroup 
l.213 \end{frame}
                 pdfTeX warning (ext4): destination with the same identifier (n
ame{page.14}) has been already used, duplicate ignored

\pgfpages@shipoutshipoutbox ...physicalpagesizes }
                                                  \endgroup 
l.213 \end{frame}
                 

] <Figures/netscience.pdf, id=433, 602.25pt x 602.25pt>
File: Figures/netscience.pdf Graphic file (type pdf)

<use Figures/netscience.pdf>
Package pdftex.def Info: Figures/netscience.pdf used on input line 224.
(pdftex.def)             Requested size: 215.10196pt x 215.10057pt.
 [16

pdfTeX warning (ext4): destination with the same identifier (name{Navigation15}
) has been already used, duplicate ignored

\pgfpages@shipoutshipoutbox ...physicalpagesizes }
                                                  \endgroup 
l.224 \end{frame}
                 pdfTeX warning (ext4): destination with the same identifier (n
ame{page.15}) has been already used, duplicate ignored

\pgfpages@shipoutshipoutbox ...physicalpagesizes }
                                                  \endgroup 
l.224 \end{frame}
                 

 <./Figures/weighted_directed_nonsimple2.pdf>] [17

pdfTeX warning (ext4): destination with the same identifier (name{Navigation16}
) has been already used, duplicate ignored

\pgfpages@shipoutshipoutbox ...physicalpagesizes }
                                                  \endgroup 
l.258 \end{frame}
                 pdfTeX warning (ext4): destination with the same identifier (n
ame{page.16}) has been already used, duplicate ignored

\pgfpages@shipoutshipoutbox ...physicalpagesizes }
                                                  \endgroup 
l.258 \end{frame}
                 

 <./Figures/netscience.pdf>]
<Figures/small_graph.pdf, id=491, 602.25pt x 602.25pt>
File: Figures/small_graph.pdf Graphic file (type pdf)

<use Figures/small_graph.pdf>
Package pdftex.def Info: Figures/small_graph.pdf used on input line 277.
(pdftex.def)             Requested size: 153.64493pt x 153.64064pt.
 [18

pdfTeX warning (ext4): destination with the same identifier (name{Navigation17}
) has been already used, duplicate ignored

\pgfpages@shipoutshipoutbox ...physicalpagesizes }
                                                  \endgroup 
l.277 \end{frame}
                 pdfTeX warning (ext4): destination with the same identifier (n
ame{page.17}) has been already used, duplicate ignored

\pgfpages@shipoutshipoutbox ...physicalpagesizes }
                                                  \endgroup 
l.277 \end{frame}
                 

] <Figures/big_graph.pdf, id=518, 602.25pt x 602.25pt>
File: Figures/big_graph.pdf Graphic file (type pdf)

<use Figures/big_graph.pdf>
Package pdftex.def Info: Figures/big_graph.pdf used on input line 291.
(pdftex.def)             Requested size: 184.3758pt x 184.37979pt.

<Figures/deg_distri_example.pdf, id=519, 578.16pt x 433.62pt>
File: Figures/deg_distri_example.pdf Graphic file (type pdf)

<use Figures/deg_distri_example.pdf>
Package pdftex.def Info: Figures/deg_distri_example.pdf used on input line 291.

(pdftex.def)             Requested size: 184.3758pt x 138.27823pt.

Overfull \hbox (4.55623pt too wide) detected at line 291
[][][] $[]$[][][][][][][][] $[]$[][][][][][] 
 []

[19

pdfTeX warning (ext4): destination with the same identifier (name{Navigation18}
) has been already used, duplicate ignored

\pgfpages@shipoutshipoutbox ...physicalpagesizes }
                                                  \endgroup 
l.291 \end{frame}
                 pdfTeX warning (ext4): destination with the same identifier (n
ame{page.18}) has been already used, duplicate ignored

\pgfpages@shipoutshipoutbox ...physicalpagesizes }
                                                  \endgroup 
l.291 \end{frame}
                 

 <./Figures/small_graph.pdf>]
<Figures/celegans_metabolic.pdf, id=548, 602.25pt x 602.25pt>
File: Figures/celegans_metabolic.pdf Graphic file (type pdf)

<use Figures/celegans_metabolic.pdf>
Package pdftex.def Info: Figures/celegans_metabolic.pdf used on input line 304.

(pdftex.def)             Requested size: 184.3758pt x 184.37979pt.

<Figures/deg_distri_celegans_metabolic.pdf, id=549, 578.16pt x 433.62pt>
File: Figures/deg_distri_celegans_metabolic.pdf Graphic file (type pdf)

<use Figures/deg_distri_celegans_metabolic.pdf>
Package pdftex.def Info: Figures/deg_distri_celegans_metabolic.pdf used on inpu
t line 304.
(pdftex.def)             Requested size: 184.3758pt x 138.27823pt.

Overfull \hbox (4.55623pt too wide) detected at line 304
[][][] $[]$[][][][][][][][] $[]$[][][][][][] 
 []

[20

pdfTeX warning (ext4): destination with the same identifier (name{Navigation19}
) has been already used, duplicate ignored

\pgfpages@shipoutshipoutbox ...physicalpagesizes }
                                                  \endgroup 
l.304 \end{frame}
                 pdfTeX warning (ext4): destination with the same identifier (n
ame{page.19}) has been already used, duplicate ignored

\pgfpages@shipoutshipoutbox ...physicalpagesizes }
                                                  \endgroup 
l.304 \end{frame}
                 

 <./Figures/big_graph.pdf> <./Figures/deg_distri_example.pdf

pdfTeX warning: pdflatex (file ./Figures/deg_distri_example.pdf): PDF inclusion
: multiple pdfs with page group included in a single page
>] <Figures/airports_network_India.pdf, id=605, 602.25pt x 602.25pt>
File: Figures/airports_network_India.pdf Graphic file (type pdf)

<use Figures/airports_network_India.pdf>
Package pdftex.def Info: Figures/airports_network_India.pdf used on input line 
319.
(pdftex.def)             Requested size: 184.3758pt x 184.37979pt.

<Figures/deg_distri_india.pdf, id=606, 578.16pt x 433.62pt>
File: Figures/deg_distri_india.pdf Graphic file (type pdf)

<use Figures/deg_distri_india.pdf>
Package pdftex.def Info: Figures/deg_distri_india.pdf used on input line 319.
(pdftex.def)             Requested size: 184.3758pt x 145.88058pt.

Overfull \hbox (4.55623pt too wide) detected at line 319
[][][] $[]$[][][][][][][][] $[]$[][][][][][] 
 []

[21

pdfTeX warning (ext4): destination with the same identifier (name{Navigation20}
) has been already used, duplicate ignored

\pgfpages@shipoutshipoutbox ...physicalpagesizes }
                                                  \endgroup 
l.319 \end{frame}
                 pdfTeX warning (ext4): destination with the same identifier (n
ame{page.20}) has been already used, duplicate ignored

\pgfpages@shipoutshipoutbox ...physicalpagesizes }
                                                  \endgroup 
l.319 \end{frame}
                 

 <./Figures/celegans_metabolic.pdf> <./Figures/deg_distri_celegans_metabolic.pd
f

pdfTeX warning: pdflatex (file ./Figures/deg_distri_celegans_metabolic.pdf): PD
F inclusion: multiple pdfs with page group included in a single page
>] <Figures/airports_network_global.pdf, id=658, 602.25pt x 602.25pt>
File: Figures/airports_network_global.pdf Graphic file (type pdf)

<use Figures/airports_network_global.pdf>
Package pdftex.def Info: Figures/airports_network_global.pdf used on input line
 332.
(pdftex.def)             Requested size: 184.3758pt x 184.37979pt.

<Figures/deg_distri_global_airport.pdf, id=659, 578.16pt x 433.62pt>
File: Figures/deg_distri_global_airport.pdf Graphic file (type pdf)

<use Figures/deg_distri_global_airport.pdf>
Package pdftex.def Info: Figures/deg_distri_global_airport.pdf used on input li
ne 332.
(pdftex.def)             Requested size: 184.3758pt x 138.27823pt.

Overfull \hbox (4.55623pt too wide) detected at line 332
[][][] $[]$[][][][][][][][] $[]$[][][][][][] 
 []

[22

pdfTeX warning (ext4): destination with the same identifier (name{Navigation21}
) has been already used, duplicate ignored

\pgfpages@shipoutshipoutbox ...physicalpagesizes }
                                                  \endgroup 
l.332 \end{frame}
                 pdfTeX warning (ext4): destination with the same identifier (n
ame{page.21}) has been already used, duplicate ignored

\pgfpages@shipoutshipoutbox ...physicalpagesizes }
                                                  \endgroup 
l.332 \end{frame}
                 

 <./Figures/deg_distri_india.pdf> <./Figures/airports_network_India.pdf

pdfTeX warning: pdflatex (file ./Figures/airports_network_India.pdf): PDF inclu
sion: multiple pdfs with page group included in a single page
>] <Figures/deg_distri_global_airport_log.pdf, id=735, 578.16pt x 433.62pt>
File: Figures/deg_distri_global_airport_log.pdf Graphic file (type pdf)

<use Figures/deg_distri_global_airport_log.pdf>
Package pdftex.def Info: Figures/deg_distri_global_airport_log.pdf used on inpu
t line 347.
(pdftex.def)             Requested size: 215.10196pt x 161.3235pt.
 [23

pdfTeX warning (ext4): destination with the same identifier (name{Navigation22}
) has been already used, duplicate ignored

\pgfpages@shipoutshipoutbox ...physicalpagesizes }
                                                  \endgroup 
l.347 \end{frame}
                 pdfTeX warning (ext4): destination with the same identifier (n
ame{page.22}) has been already used, duplicate ignored

\pgfpages@shipoutshipoutbox ...physicalpagesizes }
                                                  \endgroup 
l.347 \end{frame}
                 

 <./Figures/airports_network_global.pdf> <./Figures/deg_distri_global_airport.p
df

pdfTeX warning: pdflatex (file ./Figures/deg_distri_global_airport.pdf): PDF in
clusion: multiple pdfs with page group included in a single page
>]
File: Figures/deg_distri_global_airport_log.pdf Graphic file (type pdf)
 <use Figures/deg_distri_global_airport_log.pdf>
Package pdftex.def Info: Figures/deg_distri_global_airport_log.pdf used on inpu
t line 373.
(pdftex.def)             Requested size: 245.83282pt x 184.36876pt.
 [24

pdfTeX warning (ext4): destination with the same identifier (name{Navigation23}
) has been already used, duplicate ignored

\pgfpages@shipoutshipoutbox ...physicalpagesizes }
                                                  \endgroup 
l.373 \end{frame}
                 pdfTeX warning (ext4): destination with the same identifier (n
ame{page.23}) has been already used, duplicate ignored

\pgfpages@shipoutshipoutbox ...physicalpagesizes }
                                                  \endgroup 
l.373 \end{frame}
                 

 <./Figures/deg_distri_global_airport_log.pdf>]
<Figures/lognormal.pdf, id=839, 578.16pt x 433.62pt>
File: Figures/lognormal.pdf Graphic file (type pdf)

<use Figures/lognormal.pdf>
Package pdftex.def Info: Figures/lognormal.pdf used on input line 382.
(pdftex.def)             Requested size: 245.83282pt x 184.36876pt.
 [25

pdfTeX warning (ext4): destination with the same identifier (name{Navigation24}
) has been already used, duplicate ignored

\pgfpages@shipoutshipoutbox ...physicalpagesizes }
                                                  \endgroup 
l.382 \end{frame}
                 pdfTeX warning (ext4): destination with the same identifier (n
ame{page.24}) has been already used, duplicate ignored

\pgfpages@shipoutshipoutbox ...physicalpagesizes }
                                                  \endgroup 
l.382 \end{frame}
                 

]
<Figures/deg_distri_global_airport_log_logbins.pdf, id=866, 578.16pt x 433.62pt
>
File: Figures/deg_distri_global_airport_log_logbins.pdf Graphic file (type pdf)

 <use Figures/deg_distri_global_airport_log_logbins.pdf>
Package pdftex.def Info: Figures/deg_distri_global_airport_log_logbins.pdf used
 on input line 401.
(pdftex.def)             Requested size: 245.83282pt x 184.36876pt.


Package hyperref Warning: Ignoring empty anchor on input line 401.


Overfull \vbox (39.91927pt too high) detected at line 401
 []

[26

pdfTeX warning (ext4): destination with the same identifier (name{Navigation25}
) has been already used, duplicate ignored

\pgfpages@shipoutshipoutbox ...physicalpagesizes }
                                                  \endgroup 
l.401 \end{frame}
                 pdfTeX warning (ext4): destination with the same identifier (n
ame{page.25}) has been already used, duplicate ignored

\pgfpages@shipoutshipoutbox ...physicalpagesizes }
                                                  \endgroup 
l.401 \end{frame}
                 

 <./Figures/lognormal.pdf>] [27

pdfTeX warning (ext4): destination with the same identifier (name{Navigation26}
) has been already used, duplicate ignored

\pgfpages@shipoutshipoutbox ...physicalpagesizes }
                                                  \endgroup 
l.413 \end{frame}
                 pdfTeX warning (ext4): destination with the same identifier (n
ame{page.26}) has been already used, duplicate ignored

\pgfpages@shipoutshipoutbox ...physicalpagesizes }
                                                  \endgroup 
l.413 \end{frame}
                 

 <./Figures/deg_distri_global_airport_log_logbins.pdf>]
<Figures/internet_loglog_hist.pdf, id=969, 578.16pt x 433.62pt>
File: Figures/internet_loglog_hist.pdf Graphic file (type pdf)

<use Figures/internet_loglog_hist.pdf>
Package pdftex.def Info: Figures/internet_loglog_hist.pdf used on input line 46
1.
(pdftex.def)             Requested size: 107.55333pt x 80.66174pt.

<Figures/internet_loglog_logbin_hist.pdf, id=970, 578.16pt x 433.62pt>
File: Figures/internet_loglog_logbin_hist.pdf Graphic file (type pdf)

<use Figures/internet_loglog_logbin_hist.pdf>
Package pdftex.def Info: Figures/internet_loglog_logbin_hist.pdf used on input 
line 461.
(pdftex.def)             Requested size: 107.55333pt x 80.66174pt.

<Figures/internet_loglog_cum_hist2.pdf, id=971, 578.16pt x 433.62pt>
File: Figures/internet_loglog_cum_hist2.pdf Graphic file (type pdf)

<use Figures/internet_loglog_cum_hist2.pdf>
Package pdftex.def Info: Figures/internet_loglog_cum_hist2.pdf used on input li
ne 461.
(pdftex.def)             Requested size: 107.55333pt x 80.66174pt.
 [28

pdfTeX warning (ext4): destination with the same identifier (name{Navigation27}
) has been already used, duplicate ignored

\pgfpages@shipoutshipoutbox ...physicalpagesizes }
                                                  \endgroup 
l.461 \end{frame}
                 pdfTeX warning (ext4): destination with the same identifier (n
ame{page.27}) has been already used, duplicate ignored

\pgfpages@shipoutshipoutbox ...physicalpagesizes }
                                                  \endgroup 
l.461 \end{frame}
                 

] [29

pdfTeX warning (ext4): destination with the same identifier (name{Navigation28}
) has been already used, duplicate ignored

\pgfpages@shipoutshipoutbox ...physicalpagesizes }
                                                  \endgroup 
l.474 \end{frame}
                 pdfTeX warning (ext4): destination with the same identifier (n
ame{page.28}) has been already used, duplicate ignored

\pgfpages@shipoutshipoutbox ...physicalpagesizes }
                                                  \endgroup 
l.474 \end{frame}
                 

 <./Figures/internet_loglog_hist.pdf> <./Figures/internet_loglog_logbin_hist.pd
f

pdfTeX warning: pdflatex (file ./Figures/internet_loglog_logbin_hist.pdf): PDF 
inclusion: multiple pdfs with page group included in a single page
> <./Figures/internet_loglog_cum_hist2.pdf

pdfTeX warning: pdflatex (file ./Figures/internet_loglog_cum_hist2.pdf): PDF in
clusion: multiple pdfs with page group included in a single page
>] <Figures/assort_network.pdf, id=1097, 602.25pt x 602.25pt>
File: Figures/assort_network.pdf Graphic file (type pdf)

<use Figures/assort_network.pdf>
Package pdftex.def Info: Figures/assort_network.pdf used on input line 488.
(pdftex.def)             Requested size: 245.83282pt x 225.3446pt.

Overfull \vbox (27.97151pt too high) detected at line 488
 []

[30

pdfTeX warning (ext4): destination with the same identifier (name{Navigation29}
) has been already used, duplicate ignored

\pgfpages@shipoutshipoutbox ...physicalpagesizes }
                                                  \endgroup 
l.488 \end{frame}
                 pdfTeX warning (ext4): destination with the same identifier (n
ame{page.29}) has been already used, duplicate ignored

\pgfpages@shipoutshipoutbox ...physicalpagesizes }
                                                  \endgroup 
l.488 \end{frame}
                 

] [31

pdfTeX warning (ext4): destination with the same identifier (name{Navigation30}
) has been already used, duplicate ignored

\pgfpages@shipoutshipoutbox ...physicalpagesizes }
                                                  \endgroup 
l.500 \end{frame}
                 pdfTeX warning (ext4): destination with the same identifier (n
ame{page.30}) has been already used, duplicate ignored

\pgfpages@shipoutshipoutbox ...physicalpagesizes }
                                                  \endgroup 
l.500 \end{frame}
                 

 <./Figures/assort_network.pdf>] [32

pdfTeX warning (ext4): destination with the same identifier (name{Navigation31}
) has been already used, duplicate ignored

\pgfpages@shipoutshipoutbox ...physicalpagesizes }
                                                  \endgroup 
l.527 \end{frame}
                 pdfTeX warning (ext4): destination with the same identifier (n
ame{page.31}) has been already used, duplicate ignored

\pgfpages@shipoutshipoutbox ...physicalpagesizes }
                                                  \endgroup 
l.527 \end{frame}
                 

] [33

pdfTeX warning (ext4): destination with the same identifier (name{Navigation32}
) has been already used, duplicate ignored

\pgfpages@shipoutshipoutbox ...physicalpagesizes }
                                                  \endgroup 
l.527 \end{frame}
                 pdfTeX warning (ext4): destination with the same identifier (n
ame{page.32}) has been already used, duplicate ignored

\pgfpages@shipoutshipoutbox ...physicalpagesizes }
                                                  \endgroup 
l.527 \end{frame}
                 

] [34

pdfTeX warning (ext4): destination with the same identifier (name{Navigation33}
) has been already used, duplicate ignored

\pgfpages@shipoutshipoutbox ...physicalpagesizes }
                                                  \endgroup 
l.544 \end{frame}
                 pdfTeX warning (ext4): destination with the same identifier (n
ame{page.33}) has been already used, duplicate ignored

\pgfpages@shipoutshipoutbox ...physicalpagesizes }
                                                  \endgroup 
l.544 \end{frame}
                 

] [35

pdfTeX warning (ext4): destination with the same identifier (name{Navigation34}
) has been already used, duplicate ignored

\pgfpages@shipoutshipoutbox ...physicalpagesizes }
                                                  \endgroup 
l.544 \end{frame}
                 pdfTeX warning (ext4): destination with the same identifier (n
ame{page.34}) has been already used, duplicate ignored

\pgfpages@shipoutshipoutbox ...physicalpagesizes }
                                                  \endgroup 
l.544 \end{frame}
                 

] [36

pdfTeX warning (ext4): destination with the same identifier (name{Navigation35}
) has been already used, duplicate ignored

\pgfpages@shipoutshipoutbox ...physicalpagesizes }
                                                  \endgroup 
l.544 \end{frame}
                 pdfTeX warning (ext4): destination with the same identifier (n
ame{page.35}) has been already used, duplicate ignored

\pgfpages@shipoutshipoutbox ...physicalpagesizes }
                                                  \endgroup 
l.544 \end{frame}
                 

] [37

pdfTeX warning (ext4): destination with the same identifier (name{Navigation36}
) has been already used, duplicate ignored

\pgfpages@shipoutshipoutbox ...physicalpagesizes }
                                                  \endgroup 
l.558 \end{frame}
                 pdfTeX warning (ext4): destination with the same identifier (n
ame{page.36}) has been already used, duplicate ignored

\pgfpages@shipoutshipoutbox ...physicalpagesizes }
                                                  \endgroup 
l.558 \end{frame}
                 

] [38

pdfTeX warning (ext4): destination with the same identifier (name{Navigation37}
) has been already used, duplicate ignored

\pgfpages@shipoutshipoutbox ...physicalpagesizes }
                                                  \endgroup 
l.573 \end{frame}
                 pdfTeX warning (ext4): destination with the same identifier (n
ame{page.37}) has been already used, duplicate ignored

\pgfpages@shipoutshipoutbox ...physicalpagesizes }
                                                  \endgroup 
l.573 \end{frame}
                 

]
Overfull \hbox (11.18123pt too wide) detected at line 589
[] [] \OML/cmm/m/it/10.95 A[]^^N\OT1/cmr/m/n/10.95 (\OML/cmm/m/it/10.95 c[]; c[
]\OT1/cmr/m/n/10.95 ) \OMS/cmsy/m/n/10.95 ^^@ [] [] []\OML/cmm/m/it/10.95 ^^N\O
T1/cmr/m/n/10.95 (\OML/cmm/m/it/10.95 c[]; c[]\OT1/cmr/m/n/10.95 ) = [] [] [] \
OML/cmm/m/it/10.95 ^^N\OT1/cmr/m/n/10.95 (\OML/cmm/m/it/10.95 c[]; c[]\OT1/cmr/
m/n/10.95 )
 []

[39

pdfTeX warning (ext4): destination with the same identifier (name{Navigation38}
) has been already used, duplicate ignored

\pgfpages@shipoutshipoutbox ...physicalpagesizes }
                                                  \endgroup 
l.589 \end{frame}
                 pdfTeX warning (ext4): destination with the same identifier (n
ame{page.38}) has been already used, duplicate ignored

\pgfpages@shipoutshipoutbox ...physicalpagesizes }
                                                  \endgroup 
l.589 \end{frame}
                 

]
Overfull \hbox (11.18123pt too wide) detected at line 589
[] [] \OML/cmm/m/it/10.95 A[]^^N\OT1/cmr/m/n/10.95 (\OML/cmm/m/it/10.95 c[]; c[
]\OT1/cmr/m/n/10.95 ) \OMS/cmsy/m/n/10.95 ^^@ [] [] []\OML/cmm/m/it/10.95 ^^N\O
T1/cmr/m/n/10.95 (\OML/cmm/m/it/10.95 c[]; c[]\OT1/cmr/m/n/10.95 ) = [] [] [] \
OML/cmm/m/it/10.95 ^^N\OT1/cmr/m/n/10.95 (\OML/cmm/m/it/10.95 c[]; c[]\OT1/cmr/
m/n/10.95 )
 []

[40

pdfTeX warning (ext4): destination with the same identifier (name{Navigation39}
) has been already used, duplicate ignored

\pgfpages@shipoutshipoutbox ...physicalpagesizes }
                                                  \endgroup 
l.589 \end{frame}
                 pdfTeX warning (ext4): destination with the same identifier (n
ame{page.39}) has been already used, duplicate ignored

\pgfpages@shipoutshipoutbox ...physicalpagesizes }
                                                  \endgroup 
l.589 \end{frame}
                 

] [41

pdfTeX warning (ext4): destination with the same identifier (name{Navigation40}
) has been already used, duplicate ignored

\pgfpages@shipoutshipoutbox ...physicalpagesizes }
                                                  \endgroup 
l.603 \end{frame}
                 pdfTeX warning (ext4): destination with the same identifier (n
ame{page.40}) has been already used, duplicate ignored

\pgfpages@shipoutshipoutbox ...physicalpagesizes }
                                                  \endgroup 
l.603 \end{frame}
                 

] [42

pdfTeX warning (ext4): destination with the same identifier (name{Navigation41}
) has been already used, duplicate ignored

\pgfpages@shipoutshipoutbox ...physicalpagesizes }
                                                  \endgroup 
l.603 \end{frame}
                 pdfTeX warning (ext4): destination with the same identifier (n
ame{page.41}) has been already used, duplicate ignored

\pgfpages@shipoutshipoutbox ...physicalpagesizes }
                                                  \endgroup 
l.603 \end{frame}
                 

] [43

pdfTeX warning (ext4): destination with the same identifier (name{Navigation42}
) has been already used, duplicate ignored

\pgfpages@shipoutshipoutbox ...physicalpagesizes }
                                                  \endgroup 
l.603 \end{frame}
                 pdfTeX warning (ext4): destination with the same identifier (n
ame{page.42}) has been already used, duplicate ignored

\pgfpages@shipoutshipoutbox ...physicalpagesizes }
                                                  \endgroup 
l.603 \end{frame}
                 

] [44

pdfTeX warning (ext4): destination with the same identifier (name{Navigation43}
) has been already used, duplicate ignored

\pgfpages@shipoutshipoutbox ...physicalpagesizes }
                                                  \endgroup 
l.613 \end{frame}
                 pdfTeX warning (ext4): destination with the same identifier (n
ame{page.43}) has been already used, duplicate ignored

\pgfpages@shipoutshipoutbox ...physicalpagesizes }
                                                  \endgroup 
l.613 \end{frame}
                 

] [45

pdfTeX warning (ext4): destination with the same identifier (name{Navigation44}
) has been already used, duplicate ignored

\pgfpages@shipoutshipoutbox ...physicalpagesizes }
                                                  \endgroup 
l.625 \end{frame}
                 pdfTeX warning (ext4): destination with the same identifier (n
ame{page.44}) has been already used, duplicate ignored

\pgfpages@shipoutshipoutbox ...physicalpagesizes }
                                                  \endgroup 
l.625 \end{frame}
                 

]
<Figures/assortativity_list.png, id=1525, 526.96875pt x 317.185pt>
File: Figures/assortativity_list.png Graphic file (type png)

<use Figures/assortativity_list.png>
Package pdftex.def Info: Figures/assortativity_list.png used on input line 633.

(pdftex.def)             Requested size: 307.28987pt x 184.96925pt.

Overfull \hbox (4.75006pt too wide) in paragraph at lines 633--633
 [][][] 
 []

[46

pdfTeX warning (ext4): destination with the same identifier (name{Navigation45}
) has been already used, duplicate ignored

\pgfpages@shipoutshipoutbox ...physicalpagesizes }
                                                  \endgroup 
l.633 \end{frame}
                 pdfTeX warning (ext4): destination with the same identifier (n
ame{page.45}) has been already used, duplicate ignored

\pgfpages@shipoutshipoutbox ...physicalpagesizes }
                                                  \endgroup 
l.633 \end{frame}
                 

] [47

pdfTeX warning (ext4): destination with the same identifier (name{Navigation46}
) has been already used, duplicate ignored

\pgfpages@shipoutshipoutbox ...physicalpagesizes }
                                                  \endgroup 
l.648 \end{frame}
                 pdfTeX warning (ext4): destination with the same identifier (n
ame{page.46}) has been already used, duplicate ignored

\pgfpages@shipoutshipoutbox ...physicalpagesizes }
                                                  \endgroup 
l.648 \end{frame}
                 

 <./Figures/assortativity_list.png>]
<Figures/anscombe.pdf, id=1579, 578.16pt x 578.16pt>
File: Figures/anscombe.pdf Graphic file (type pdf)

<use Figures/anscombe.pdf>
Package pdftex.def Info: Figures/anscombe.pdf used on input line 672.
(pdftex.def)             Requested size: 184.3758pt x 184.37097pt.

Overfull \hbox (4.55623pt too wide) detected at line 672
[][][] $[]$[][][][][][][][] $[]$[][][][][][] 
 []

[48

pdfTeX warning (ext4): destination with the same identifier (name{Navigation47}
) has been already used, duplicate ignored

\pgfpages@shipoutshipoutbox ...physicalpagesizes }
                                                  \endgroup 
l.672 \end{frame}
                 pdfTeX warning (ext4): destination with the same identifier (n
ame{page.47}) has been already used, duplicate ignored

\pgfpages@shipoutshipoutbox ...physicalpagesizes }
                                                  \endgroup 
l.672 \end{frame}
                 

]
File: Figures/anscombe.pdf Graphic file (type pdf)
 <use Figures/anscombe.pdf>
Package pdftex.def Info: Figures/anscombe.pdf used on input line 672.
(pdftex.def)             Requested size: 184.3758pt x 184.37097pt.

Overfull \hbox (4.55623pt too wide) detected at line 672
[][][] $[]$[][][][][][][][] $[]$[][][][][][] 
 []

[49

pdfTeX warning (ext4): destination with the same identifier (name{Navigation48}
) has been already used, duplicate ignored

\pgfpages@shipoutshipoutbox ...physicalpagesizes }
                                                  \endgroup 
l.672 \end{frame}
                 pdfTeX warning (ext4): destination with the same identifier (n
ame{page.48}) has been already used, duplicate ignored

\pgfpages@shipoutshipoutbox ...physicalpagesizes }
                                                  \endgroup 
l.672 \end{frame}
                 

 <./Figures/anscombe.pdf>] [50

pdfTeX warning (ext4): destination with the same identifier (name{Navigation49}
) has been already used, duplicate ignored

\pgfpages@shipoutshipoutbox ...physicalpagesizes }
                                                  \endgroup 
l.690 \end{frame}
                 pdfTeX warning (ext4): destination with the same identifier (n
ame{page.49}) has been already used, duplicate ignored

\pgfpages@shipoutshipoutbox ...physicalpagesizes }
                                                  \endgroup 
l.690 \end{frame}
                 

] <Figures/er0.pdf, id=1689, 602.25pt x 602.25pt>
File: Figures/er0.pdf Graphic file (type pdf)

<use Figures/er0.pdf>
Package pdftex.def Info: Figures/er0.pdf used on input line 708.
(pdftex.def)             Requested size: 92.1879pt x 92.1807pt.
 <Figures/er1.pdf, id=1690, 602.25pt x 602.25pt>
File: Figures/er1.pdf Graphic file (type pdf)

<use Figures/er1.pdf>
Package pdftex.def Info: Figures/er1.pdf used on input line 708.
(pdftex.def)             Requested size: 92.1879pt x 92.1807pt.
 <Figures/er2.pdf, id=1691, 602.25pt x 602.25pt>
File: Figures/er2.pdf Graphic file (type pdf)

<use Figures/er2.pdf>
Package pdftex.def Info: Figures/er2.pdf used on input line 708.
(pdftex.def)             Requested size: 92.1879pt x 92.1807pt.
 [51

pdfTeX warning (ext4): destination with the same identifier (name{Navigation50}
) has been already used, duplicate ignored

\pgfpages@shipoutshipoutbox ...physicalpagesizes }
                                                  \endgroup 
l.708 \end{frame}
                 pdfTeX warning (ext4): destination with the same identifier (n
ame{page.50}) has been already used, duplicate ignored

\pgfpages@shipoutshipoutbox ...physicalpagesizes }
                                                  \endgroup 
l.708 \end{frame}
                 

] [52

pdfTeX warning (ext4): destination with the same identifier (name{Navigation51}
) has been already used, duplicate ignored

\pgfpages@shipoutshipoutbox ...physicalpagesizes }
                                                  \endgroup 
l.716 \end{frame}
                 pdfTeX warning (ext4): destination with the same identifier (n
ame{page.51}) has been already used, duplicate ignored

\pgfpages@shipoutshipoutbox ...physicalpagesizes }
                                                  \endgroup 
l.716 \end{frame}
                 

 <./Figures/er0.pdf> <./Figures/er1.pdf

pdfTeX warning: pdflatex (file ./Figures/er1.pdf): PDF inclusion: multiple pdfs
 with page group included in a single page
> <./Figures/er2.pdf

pdfTeX warning: pdflatex (file ./Figures/er2.pdf): PDF inclusion: multiple pdfs
 with page group included in a single page
>] [53

pdfTeX warning (ext4): destination with the same identifier (name{Navigation52}
) has been already used, duplicate ignored

\pgfpages@shipoutshipoutbox ...physicalpagesizes }
                                                  \endgroup 
l.734 \end{frame}
                 pdfTeX warning (ext4): destination with the same identifier (n
ame{page.52}) has been already used, duplicate ignored

\pgfpages@shipoutshipoutbox ...physicalpagesizes }
                                                  \endgroup 
l.734 \end{frame}
                 

] <Figures/er3.pdf, id=1776, 602.25pt x 602.25pt>
File: Figures/er3.pdf Graphic file (type pdf)

<use Figures/er3.pdf>
Package pdftex.def Info: Figures/er3.pdf used on input line 755.
(pdftex.def)             Requested size: 122.91406pt x 122.91066pt.
 <Figures/er4.pdf, id=1777, 602.25pt x 602.25pt>
File: Figures/er4.pdf Graphic file (type pdf)

<use Figures/er4.pdf>
Package pdftex.def Info: Figures/er4.pdf used on input line 755.
(pdftex.def)             Requested size: 122.91406pt x 122.91066pt.
 [54

pdfTeX warning (ext4): destination with the same identifier (name{Navigation53}
) has been already used, duplicate ignored

\pgfpages@shipoutshipoutbox ...physicalpagesizes }
                                                  \endgroup 
l.755 \end{frame}
                 pdfTeX warning (ext4): destination with the same identifier (n
ame{page.53}) has been already used, duplicate ignored

\pgfpages@shipoutshipoutbox ...physicalpagesizes }
                                                  \endgroup 
l.755 \end{frame}
                 

] [55

pdfTeX warning (ext4): destination with the same identifier (name{Navigation54}
) has been already used, duplicate ignored

\pgfpages@shipoutshipoutbox ...physicalpagesizes }
                                                  \endgroup 
l.767 \end{frame}
                 pdfTeX warning (ext4): destination with the same identifier (n
ame{page.54}) has been already used, duplicate ignored

\pgfpages@shipoutshipoutbox ...physicalpagesizes }
                                                  \endgroup 
l.767 \end{frame}
                 

 <./Figures/er3.pdf> <./Figures/er4.pdf

pdfTeX warning: pdflatex (file ./Figures/er4.pdf): PDF inclusion: multiple pdfs
 with page group included in a single page
>] [56

pdfTeX warning (ext4): destination with the same identifier (name{Navigation55}
) has been already used, duplicate ignored

\pgfpages@shipoutshipoutbox ...physicalpagesizes }
                                                  \endgroup 
l.773 \end{frame}
                 pdfTeX warning (ext4): destination with the same identifier (n
ame{page.55}) has been already used, duplicate ignored

\pgfpages@shipoutshipoutbox ...physicalpagesizes }
                                                  \endgroup 
l.773 \end{frame}
                 

] [57

pdfTeX warning (ext4): destination with the same identifier (name{Navigation56}
) has been already used, duplicate ignored

\pgfpages@shipoutshipoutbox ...physicalpagesizes }
                                                  \endgroup 
l.779 \end{frame}
                 pdfTeX warning (ext4): destination with the same identifier (n
ame{page.56}) has been already used, duplicate ignored

\pgfpages@shipoutshipoutbox ...physicalpagesizes }
                                                  \endgroup 
l.779 \end{frame}
                 

]
\tf@nav=\write6
\openout6 = `lecture1.nav'.

\tf@toc=\write7
\openout7 = `lecture1.toc'.

\tf@snm=\write8
\openout8 = `lecture1.snm'.

 [58

pdfTeX warning (ext4): destination with the same identifier (name{Navigation57}
) has been already used, duplicate ignored

\pgfpages@shipoutshipoutbox ...physicalpagesizes }
                                                  \endgroup 
l.781 \end{document}
                    pdfTeX warning (ext4): destination with the same identifier
 (name{page.57}) has been already used, duplicate ignored

\pgfpages@shipoutshipoutbox ...physicalpagesizes }
                                                  \endgroup 
l.781 \end{document}
                    

]
Package atveryend Info: Empty hook `BeforeClearDocument' on input line 781.
Package atveryend Info: Empty hook `AfterLastShipout' on input line 781.
 (./lecture1.aux)
Package atveryend Info: Executing hook `AtVeryEndDocument' on input line 781.
Package atveryend Info: Executing hook `AtEndAfterFileList' on input line 781.
Package rerunfilecheck Info: File `lecture1.out' has not changed.
(rerunfilecheck)             Checksum: D41D8CD98F00B204E9800998ECF8427E;0.


LaTeX Font Warning: Size substitutions with differences
(Font)              up to 1.0pt have occurred.

Package atveryend Info: Empty hook `AtVeryVeryEnd' on input line 781.
 ) 
Here is how much of TeX's memory you used:
 17430 strings out of 493029
 334901 string characters out of 6136235
 417577 words of memory out of 5000000
 20409 multiletter control sequences out of 15000+600000
 14604 words of font info for 57 fonts, out of 8000000 for 9000
 1141 hyphenation exceptions out of 8191
 56i,14n,55p,413b,588s stack positions out of 5000i,500n,10000p,200000b,80000s
</usr/share/texlive/texmf-dist/fonts/type1/public/amsfonts/cm/cmbx10.pfb></us
r/share/texlive/texmf-dist/fonts/type1/public/amsfonts/cm/cmbx12.pfb></usr/shar
e/texlive/texmf-dist/fonts/type1/public/amsfonts/cm/cmex10.pfb></usr/share/texl
ive/texmf-dist/fonts/type1/public/amsfonts/cmextra/cmex9.pfb></usr/share/texliv
e/texmf-dist/fonts/type1/public/amsfonts/cm/cmmi10.pfb></usr/share/texlive/texm
f-dist/fonts/type1/public/amsfonts/cm/cmmi12.pfb></usr/share/texlive/texmf-dist
/fonts/type1/public/amsfonts/cm/cmmi6.pfb></usr/share/texlive/texmf-dist/fonts/
type1/public/amsfonts/cm/cmmi8.pfb></usr/share/texlive/texmf-dist/fonts/type1/p
ublic/amsfonts/cm/cmmi9.pfb></usr/share/texlive/texmf-dist/fonts/type1/public/a
msfonts/cm/cmr10.pfb></usr/share/texlive/texmf-dist/fonts/type1/public/amsfonts
/cm/cmr12.pfb></usr/share/texlive/texmf-dist/fonts/type1/public/amsfonts/cm/cmr
17.pfb></usr/share/texlive/texmf-dist/fonts/type1/public/amsfonts/cm/cmr6.pfb><
/usr/share/texlive/texmf-dist/fonts/type1/public/amsfonts/cm/cmr8.pfb></usr/sha
re/texlive/texmf-dist/fonts/type1/public/amsfonts/cm/cmr9.pfb></usr/share/texli
ve/texmf-dist/fonts/type1/public/amsfonts/cm/cmsy10.pfb></usr/share/texlive/tex
mf-dist/fonts/type1/public/amsfonts/cm/cmsy6.pfb></usr/share/texlive/texmf-dist
/fonts/type1/public/amsfonts/cm/cmsy8.pfb></usr/share/texlive/texmf-dist/fonts/
type1/public/amsfonts/cm/cmsy9.pfb></usr/share/texlive/texmf-dist/fonts/type1/p
ublic/amsfonts/symbols/msam10.pfb></usr/share/texlive/texmf-dist/fonts/type1/pu
blic/amsfonts/symbols/msam7.pfb>
Output written on lecture1.pdf (57 pages, 5090611 bytes).
PDF statistics:
 1986 PDF objects out of 2073 (max. 8388607)
 1710 compressed objects within 18 object streams
 115 named destinations out of 1000 (max. 500000)
 210 words of extra memory for PDF output out of 10000 (max. 10000000)

